# JRE version: OpenJDK Runtime Environment (19.0.1+10) (build 19.0.1+10-21)
# Java VM: OpenJDK 64-Bit Server VM (19.0.1+10-21, mixed mode, sharing, tiered, compressed oops, compressed class ptrs, g1 gc, windows-amd64)
GC Precious Log:
 CardTable entry size: 512
 Card Set container configuration: InlinePtr #cards 5 size 8 Array Of Cards #cards 12 size 40 Howl #buckets 4 coarsen threshold 1843 Howl Bitmap #cards 512 size 80 coarsen threshold 460 Card regions per heap region 1 cards per card region 2048
 CPUs: 4 total, 4 available
 Memory: 7997M
 Large Page Support: Disabled
 NUMA Support: Disabled
 Compressed Oops: Enabled (32-bit)
 Heap Region Size: 1M
 Heap Min Capacity: 128M
 Heap Initial Capacity: 128M
 Heap Max Capacity: 2G
 Pre-touch: Disabled
 Parallel Workers: 4
 Concurrent Workers: 1
 Concurrent Refinement Workers: 4
 Periodic GC: Disabled
Heap:
 garbage-first heap   total 598016K, used 214402K [0x0000000080000000, 0x0000000100000000)
  region size 1024K, 10 young (10240K), 10 survivors (10240K)
 Metaspace       used 44411K, committed 44992K, reserved 1114112K
  class space    used 5416K, committed 5696K, reserved 1048576K
GC Heap History (20 events):
Event: 4.230 GC heap after
{Heap after GC invocations=12 (full 0):
 garbage-first heap   total 598016K, used 137607K [0x0000000080000000, 0x0000000100000000)
  region size 1024K, 13 young (13312K), 13 survivors (13312K)
 Metaspace       used 12658K, committed 12864K, reserved 1114112K
  class space    used 1406K, committed 1472K, reserved 1048576K
}
Event: 6.129 GC heap before
{Heap before GC invocations=12 (full 0):
 garbage-first heap   total 598016K, used 285063K [0x0000000080000000, 0x0000000100000000)
  region size 1024K, 128 young (131072K), 13 survivors (13312K)
 Metaspace       used 21270K, committed 21504K, reserved 1114112K
  class space    used 2435K, committed 2560K, reserved 1048576K
}
Event: 6.143 GC heap after
{Heap after GC invocations=13 (full 0):
 garbage-first heap   total 598016K, used 137094K [0x0000000080000000, 0x0000000100000000)
  region size 1024K, 13 young (13312K), 13 survivors (13312K)
 Metaspace       used 21270K, committed 21504K, reserved 1114112K
  class space    used 2435K, committed 2560K, reserved 1048576K
}
Event: 11.547 GC heap before
{Heap before GC invocations=14 (full 0):
 garbage-first heap   total 386048K, used 384902K [0x0000000080000000, 0x0000000100000000)
  region size 1024K, 282 young (288768K), 13 survivors (13312K)
 Metaspace       used 30281K, committed 30592K, reserved 1114112K
  class space    used 3568K, committed 3712K, reserved 1048576K
}
Event: 11.570 GC heap after
{Heap after GC invocations=15 (full 0):
 garbage-first heap   total 406528K, used 116615K [0x0000000080000000, 0x0000000100000000)
  region size 1024K, 20 young (20480K), 20 survivors (20480K)
 Metaspace       used 30281K, committed 30592K, reserved 1114112K
  class space    used 3568K, committed 3712K, reserved 1048576K
}
Event: 11.571 GC heap before
{Heap before GC invocations=15 (full 0):
 garbage-first heap   total 406528K, used 117639K [0x0000000080000000, 0x0000000100000000)
  region size 1024K, 21 young (21504K), 20 survivors (20480K)
 Metaspace       used 30282K, committed 30592K, reserved 1114112K
  class space    used 3568K, committed 3712K, reserved 1048576K
}
Event: 11.587 GC heap after
{Heap after GC invocations=16 (full 0):
 garbage-first heap   total 406528K, used 109254K [0x0000000080000000, 0x0000000100000000)
  region size 1024K, 1 young (1024K), 1 survivors (1024K)
 Metaspace       used 30282K, committed 30592K, reserved 1114112K
  class space    used 3568K, committed 3712K, reserved 1048576K
}
Event: 12.597 GC heap before
{Heap before GC invocations=16 (full 0):
 garbage-first heap   total 406528K, used 295622K [0x0000000080000000, 0x0000000100000000)
  region size 1024K, 183 young (187392K), 1 survivors (1024K)
 Metaspace       used 31138K, committed 31488K, reserved 1114112K
  class space    used 3661K, committed 3840K, reserved 1048576K
}
Event: 12.653 GC heap after
{Heap after GC invocations=17 (full 0):
 garbage-first heap   total 406528K, used 195072K [0x0000000080000000, 0x0000000100000000)
  region size 1024K, 23 young (23552K), 23 survivors (23552K)
 Metaspace       used 31138K, committed 31488K, reserved 1114112K
  class space    used 3661K, committed 3840K, reserved 1048576K
}
Event: 15.067 GC heap before
{Heap before GC invocations=17 (full 0):
 garbage-first heap   total 406528K, used 289280K [0x0000000080000000, 0x0000000100000000)
  region size 1024K, 115 young (117760K), 23 survivors (23552K)
 Metaspace       used 34674K, committed 35072K, reserved 1114112K
  class space    used 4000K, committed 4160K, reserved 1048576K
}
Event: 15.085 GC heap after
{Heap after GC invocations=18 (full 0):
 garbage-first heap   total 406528K, used 205824K [0x0000000080000000, 0x0000000100000000)
  region size 1024K, 9 young (9216K), 9 survivors (9216K)
 Metaspace       used 34674K, committed 35072K, reserved 1114112K
  class space    used 4000K, committed 4160K, reserved 1048576K
}
Event: 16.660 GC heap before
{Heap before GC invocations=18 (full 0):
 garbage-first heap   total 406528K, used 273408K [0x0000000080000000, 0x0000000100000000)
  region size 1024K, 76 young (77824K), 9 survivors (9216K)
 Metaspace       used 36373K, committed 36736K, reserved 1114112K
  class space    used 4212K, committed 4416K, reserved 1048576K
}
Event: 16.665 GC heap after
{Heap after GC invocations=19 (full 0):
 garbage-first heap   total 406528K, used 207264K [0x0000000080000000, 0x0000000100000000)
  region size 1024K, 2 young (2048K), 2 survivors (2048K)
 Metaspace       used 36373K, committed 36736K, reserved 1114112K
  class space    used 4212K, committed 4416K, reserved 1048576K
}
Event: 19.612 GC heap before
{Heap before GC invocations=20 (full 0):
 garbage-first heap   total 406528K, used 277920K [0x0000000080000000, 0x0000000100000000)
  region size 1024K, 101 young (103424K), 2 survivors (2048K)
 Metaspace       used 43893K, committed 44416K, reserved 1114112K
  class space    used 5380K, committed 5632K, reserved 1048576K
}
Event: 19.621 GC heap after
{Heap after GC invocations=21 (full 0):
 garbage-first heap   total 406528K, used 185433K [0x0000000080000000, 0x0000000100000000)
  region size 1024K, 11 young (11264K), 11 survivors (11264K)
 Metaspace       used 43893K, committed 44416K, reserved 1114112K
  class space    used 5380K, committed 5632K, reserved 1048576K
}
Event: 19.667 GC heap before
{Heap before GC invocations=21 (full 0):
 garbage-first heap   total 406528K, used 193625K [0x0000000080000000, 0x0000000100000000)
  region size 1024K, 19 young (19456K), 11 survivors (11264K)
 Metaspace       used 43923K, committed 44480K, reserved 1114112K
  class space    used 5382K, committed 5632K, reserved 1048576K
}
Event: 19.677 GC heap after
{Heap after GC invocations=22 (full 0):
 garbage-first heap   total 406528K, used 182883K [0x0000000080000000, 0x0000000100000000)
  region size 1024K, 3 young (3072K), 3 survivors (3072K)
 Metaspace       used 43923K, committed 44480K, reserved 1114112K
  class space    used 5382K, committed 5632K, reserved 1048576K
}
Event: 20.144 GC heap before
{Heap before GC invocations=22 (full 0):
 garbage-first heap   total 406528K, used 302691K [0x0000000080000000, 0x0000000100000000)
  region size 1024K, 121 young (123904K), 3 survivors (3072K)
 Metaspace       used 44396K, committed 44928K, reserved 1114112K
  class space    used 5415K, committed 5696K, reserved 1048576K
}
Event: 20.163 GC heap after
{Heap after GC invocations=23 (full 0):
 garbage-first heap   total 406528K, used 203776K [0x0000000080000000, 0x0000000100000000)
  region size 1024K, 16 young (16384K), 16 survivors (16384K)
 Metaspace       used 44396K, committed 44928K, reserved 1114112K
  class space    used 5415K, committed 5696K, reserved 1048576K
}
Event: 20.368 GC heap before
{Heap before GC invocations=23 (full 0):
 garbage-first heap   total 406528K, used 310272K [0x0000000080000000, 0x0000000100000000)
  region size 1024K, 121 young (123904K), 16 survivors (16384K)
 Metaspace       used 44411K, committed 44992K, reserved 1114112K
  class space    used 5416K, committed 5696K, reserved 1048576K
}

